tensorflow/examples/android/gradleBuild/outputs/logs/manifest-merger-debug-report.txt
-- Merging decision tree log ---
manifest
ADDED from examples/android/AndroidManifest.xml:18:1-66:12
	package
		ADDED from examples/android/AndroidManifest.xml:19:5-34
	xmlns:android
		ADDED from examples/android/AndroidManifest.xml:18:11-69
uses-permission#android.permission.CAMERA
ADDED from examples/android/AndroidManifest.xml:21:5-65
	android:name
		ADDED from examples/android/AndroidManifest.xml:21:22-62
uses-feature#android.hardware.camera
ADDED from examples/android/AndroidManifest.xml:22:5-60
	android:name
		ADDED from examples/android/AndroidManifest.xml:22:19-57
uses-feature#android.hardware.camera.autofocus
ADDED from examples/android/AndroidManifest.xml:23:5-70
	android:name
		ADDED from examples/android/AndroidManifest.xml:23:19-67
uses-permission#android.permission.WRITE_EXTERNAL_STORAGE
ADDED from examples/android/AndroidManifest.xml:24:5-80
	android:name
		ADDED from examples/android/AndroidManifest.xml:24:22-78
uses-permission#android.permission.RECORD_AUDIO
ADDED from examples/android/AndroidManifest.xml:25:5-71
	android:name
		ADDED from examples/android/AndroidManifest.xml:25:22-68
uses-permission#android.permission.INTERNET
ADDED from examples/android/AndroidManifest.xml:26:5-67
	android:name
		ADDED from examples/android/AndroidManifest.xml:26:22-64
uses-sdk
ADDED from examples/android/AndroidManifest.xml:28:5-30:41
	android:targetSdkVersion
		ADDED from examples/android/AndroidManifest.xml:30:9-38
	android:minSdkVersion
		ADDED from examples/android/AndroidManifest.xml:29:9-35
application
ADDED from examples/android/AndroidManifest.xml:32:5-64:19
	android:label
		ADDED from examples/android/AndroidManifest.xml:34:9-41
	android:debuggable
		ADDED from examples/android/AndroidManifest.xml:33:9-34
	android:icon
		ADDED from examples/android/AndroidManifest.xml:35:9-45
	android:allowBackup
		ADDED from examples/android/AndroidManifest.xml:32:18-44
	android:theme
		ADDED from examples/android/AndroidManifest.xml:36:9-45
activity#org.tensorflow.demo.DetectorActivity
ADDED from examples/android/AndroidManifest.xml:38:9-45:20
	android:screenOrientation
		ADDED from examples/android/AndroidManifest.xml:39:13-49
	android:label
		ADDED from examples/android/AndroidManifest.xml:40:13-60
	android:name
		ADDED from examples/android/AndroidManifest.xml:38:19-70
intent-filter#android.intent.action.MAIN+android.intent.category.LAUNCHER
ADDED from examples/android/AndroidManifest.xml:41:13-44:29
action#android.intent.action.MAIN
ADDED from examples/android/AndroidManifest.xml:42:17-69
	android:name
		ADDED from examples/android/AndroidManifest.xml:42:25-66
category#android.intent.category.LAUNCHER
ADDED from examples/android/AndroidManifest.xml:43:17-77
	android:name
		ADDED from examples/android/AndroidManifest.xml:43:27-74
activity#org.tensorflow.demo.ClassifierActivity
ADDED from examples/android/AndroidManifest.xml:47:9-54:20
	android:screenOrientation
		ADDED from examples/android/AndroidManifest.xml:48:13-49
	android:label
		ADDED from examples/android/AndroidManifest.xml:49:13-65
	android:name
		ADDED from examples/android/AndroidManifest.xml:47:19-72
activity#org.tensorflow.demo.StylizeActivity
ADDED from examples/android/AndroidManifest.xml:56:9-63:20
	android:screenOrientation
		ADDED from examples/android/AndroidManifest.xml:57:13-49
	android:label
		ADDED from examples/android/AndroidManifest.xml:58:13-58
	android:name
		ADDED from examples/android/AndroidManifest.xml:56:19-69